# JRE version: OpenJDK Runtime Environment (17.0.7) (build 17.0.7+0-b2043.56-10550314)
# Java VM: OpenJDK 64-Bit Server VM (17.0.7+0-b2043.56-10550314, mixed mode, tiered, compressed oops, compressed class ptrs, g1 gc, windows-amd64)
GC Precious Log:
 CPUs: 4 total, 4 available
 Memory: 8103M
 Large Page Support: Disabled
 NUMA Support: Disabled
 Compressed Oops: Enabled (32-bit)
 Heap Region Size: 1M
 Heap Min Capacity: 8M
 Heap Initial Capacity: 128M
 Heap Max Capacity: 2G
 Pre-touch: Disabled
 Parallel Workers: 4
 Concurrent Workers: 1
 Concurrent Refinement Workers: 4
 Periodic GC: Disabled
Heap:
 garbage-first heap   total 527360K, used 366226K [0x0000000080000000, 0x0000000100000000)
  region size 1024K, 7 young (7168K), 7 survivors (7168K)
 Metaspace       used 200163K, committed 202560K, reserved 1245184K
  class space    used 26130K, committed 27264K, reserved 1048576K
GC Heap History (20 events):
Event: 11631.774 GC heap after
{Heap after GC invocations=165 (full 2):
 garbage-first heap   total 527360K, used 304243K [0x0000000080000000, 0x0000000100000000)
  region size 1024K, 12 young (12288K), 12 survivors (12288K)
 Metaspace       used 182498K, committed 184704K, reserved 1245184K
  class space    used 23807K, committed 24896K, reserved 1048576K
}
Event: 11632.195 GC heap before
{Heap before GC invocations=165 (full 2):
 garbage-first heap   total 527360K, used 444531K [0x0000000080000000, 0x0000000100000000)
  region size 1024K, 150 young (153600K), 12 survivors (12288K)
 Metaspace       used 182541K, committed 184768K, reserved 1245184K
  class space    used 23807K, committed 24896K, reserved 1048576K
}
Event: 11632.214 GC heap after
{Heap after GC invocations=166 (full 2):
 garbage-first heap   total 527360K, used 306398K [0x0000000080000000, 0x0000000100000000)
  region size 1024K, 10 young (10240K), 10 survivors (10240K)
 Metaspace       used 182541K, committed 184768K, reserved 1245184K
  class space    used 23807K, committed 24896K, reserved 1048576K
}
Event: 11632.593 GC heap before
{Heap before GC invocations=166 (full 2):
 garbage-first heap   total 527360K, used 447710K [0x0000000080000000, 0x0000000100000000)
  region size 1024K, 149 young (152576K), 10 survivors (10240K)
 Metaspace       used 182606K, committed 184832K, reserved 1245184K
  class space    used 23811K, committed 24896K, reserved 1048576K
}
Event: 11632.608 GC heap after
{Heap after GC invocations=167 (full 2):
 garbage-first heap   total 527360K, used 315156K [0x0000000080000000, 0x0000000100000000)
  region size 1024K, 18 young (18432K), 18 survivors (18432K)
 Metaspace       used 182606K, committed 184832K, reserved 1245184K
  class space    used 23811K, committed 24896K, reserved 1048576K
}
Event: 12238.169 GC heap before
{Heap before GC invocations=167 (full 2):
 garbage-first heap   total 527360K, used 462612K [0x0000000080000000, 0x0000000100000000)
  region size 1024K, 142 young (145408K), 18 survivors (18432K)
 Metaspace       used 182827K, committed 185152K, reserved 1245184K
  class space    used 23842K, committed 24960K, reserved 1048576K
}
Event: 12238.210 GC heap after
{Heap after GC invocations=168 (full 2):
 garbage-first heap   total 527360K, used 308782K [0x0000000080000000, 0x0000000100000000)
  region size 1024K, 12 young (12288K), 12 survivors (12288K)
 Metaspace       used 182827K, committed 185152K, reserved 1245184K
  class space    used 23842K, committed 24960K, reserved 1048576K
}
Event: 12244.268 GC heap before
{Heap before GC invocations=168 (full 2):
 garbage-first heap   total 527360K, used 444974K [0x0000000080000000, 0x0000000100000000)
  region size 1024K, 140 young (143360K), 12 survivors (12288K)
 Metaspace       used 183627K, committed 185920K, reserved 1245184K
  class space    used 23945K, committed 25088K, reserved 1048576K
}
Event: 12244.315 GC heap after
{Heap after GC invocations=169 (full 2):
 garbage-first heap   total 527360K, used 324756K [0x0000000080000000, 0x0000000100000000)
  region size 1024K, 13 young (13312K), 13 survivors (13312K)
 Metaspace       used 183627K, committed 185920K, reserved 1245184K
  class space    used 23945K, committed 25088K, reserved 1048576K
}
Event: 12246.231 GC heap before
{Heap before GC invocations=169 (full 2):
 garbage-first heap   total 527360K, used 443540K [0x0000000080000000, 0x0000000100000000)
  region size 1024K, 125 young (128000K), 13 survivors (13312K)
 Metaspace       used 185662K, committed 187968K, reserved 1245184K
  class space    used 24194K, committed 25344K, reserved 1048576K
}
Event: 12246.272 GC heap after
{Heap after GC invocations=170 (full 2):
 garbage-first heap   total 527360K, used 333421K [0x0000000080000000, 0x0000000100000000)
  region size 1024K, 16 young (16384K), 16 survivors (16384K)
 Metaspace       used 185662K, committed 187968K, reserved 1245184K
  class space    used 24194K, committed 25344K, reserved 1048576K
}
Event: 12248.025 GC heap before
{Heap before GC invocations=170 (full 2):
 garbage-first heap   total 527360K, used 437869K [0x0000000080000000, 0x0000000100000000)
  region size 1024K, 116 young (118784K), 16 survivors (16384K)
 Metaspace       used 195029K, committed 197376K, reserved 1245184K
  class space    used 25365K, committed 26496K, reserved 1048576K
}
Event: 12248.142 GC heap after
{Heap after GC invocations=171 (full 2):
 garbage-first heap   total 527360K, used 339893K [0x0000000080000000, 0x0000000100000000)
  region size 1024K, 8 young (8192K), 8 survivors (8192K)
 Metaspace       used 195029K, committed 197376K, reserved 1245184K
  class space    used 25365K, committed 26496K, reserved 1048576K
}
Event: 12249.357 GC heap before
{Heap before GC invocations=171 (full 2):
 garbage-first heap   total 527360K, used 438197K [0x0000000080000000, 0x0000000100000000)
  region size 1024K, 105 young (107520K), 8 survivors (8192K)
 Metaspace       used 198993K, committed 201408K, reserved 1245184K
  class space    used 25979K, committed 27136K, reserved 1048576K
}
Event: 12249.375 GC heap after
{Heap after GC invocations=172 (full 2):
 garbage-first heap   total 527360K, used 343393K [0x0000000080000000, 0x0000000100000000)
  region size 1024K, 12 young (12288K), 12 survivors (12288K)
 Metaspace       used 198993K, committed 201408K, reserved 1245184K
  class space    used 25979K, committed 27136K, reserved 1048576K
}
Event: 12250.007 GC heap before
{Heap before GC invocations=172 (full 2):
 garbage-first heap   total 527360K, used 443745K [0x0000000080000000, 0x0000000100000000)
  region size 1024K, 109 young (111616K), 12 survivors (12288K)
 Metaspace       used 199836K, committed 202240K, reserved 1245184K
  class space    used 26087K, committed 27264K, reserved 1048576K
}
Event: 12250.069 GC heap after
{Heap after GC invocations=173 (full 2):
 garbage-first heap   total 527360K, used 353863K [0x0000000080000000, 0x0000000100000000)
  region size 1024K, 14 young (14336K), 14 survivors (14336K)
 Metaspace       used 199836K, committed 202240K, reserved 1245184K
  class space    used 26087K, committed 27264K, reserved 1048576K
}
Event: 12250.273 GC heap before
{Heap before GC invocations=173 (full 2):
 garbage-first heap   total 527360K, used 443975K [0x0000000080000000, 0x0000000100000000)
  region size 1024K, 103 young (105472K), 14 survivors (14336K)
 Metaspace       used 199863K, committed 202240K, reserved 1245184K
  class space    used 26087K, committed 27264K, reserved 1048576K
}
Event: 12250.341 GC heap after
{Heap after GC invocations=174 (full 2):
 garbage-first heap   total 527360K, used 359620K [0x0000000080000000, 0x0000000100000000)
  region size 1024K, 7 young (7168K), 7 survivors (7168K)
 Metaspace       used 199863K, committed 202240K, reserved 1245184K
  class space    used 26087K, committed 27264K, reserved 1048576K
}
Event: 12250.618 GC heap before
{Heap before GC invocations=174 (full 2):
 garbage-first heap   total 527360K, used 446660K [0x0000000080000000, 0x0000000100000000)
  region size 1024K, 93 young (95232K), 7 survivors (7168K)
 Metaspace       used 200163K, committed 202560K, reserved 1245184K
  class space    used 26130K, committed 27264K, reserved 1048576K
}

